[    0.000000] Linux version 4.15.0-212-generic (buildd@lcy02-amd64-083) (gcc version 7.5.0 (Ubuntu 7.5.0-3ubuntu1~18.04)) #223-Ubuntu SMP Tue May 23 13:09:22 UTC 2023 (Ubuntu 4.15.0-212.223-generic 4.15.18)
[    0.000000] Command line: BOOT_IMAGE=/boot/vmlinuz-4.15.0-212-generic root=LABEL=cloudimg-rootfs ro console=tty1 console=ttyS0
[    0.000000] KERNEL supported cpus:
[    0.000000]   Intel GenuineIntel
[    0.000000]   AMD AuthenticAMD
[    0.000000]   Centaur CentaurHauls
[    0.000000] x86/fpu: x87 FPU will use FXSAVE
[    0.000000] e820: BIOS-provided physical RAM map:
[    0.000000] BIOS-e820: [mem 0x0000000000000000-0x000000000009fbff] usable
[    0.000000] BIOS-e820: [mem 0x000000000009fc00-0x000000000009ffff] reserved
[    0.000000] BIOS-e820: [mem 0x00000000000f0000-0x00000000000fffff] reserved
[    0.000000] BIOS-e820: [mem 0x0000000000100000-0x000000000ffeffff] usable
[    0.000000] BIOS-e820: [mem 0x000000000fff0000-0x000000000fffffff] ACPI data
[    0.000000] BIOS-e820: [mem 0x00000000fec00000-0x00000000fec00fff] reserved
[    0.000000] BIOS-e820: [mem 0x00000000fee00000-0x00000000fee00fff] reserved
[    0.000000] BIOS-e820: [mem 0x00000000fffc0000-0x00000000ffffffff] reserved
[    0.000000] NX (Execute Disable) protection: active
[    0.000000] SMBIOS 2.5 present.
[    0.000000] DMI: innotek GmbH VirtualBox/VirtualBox, BIOS VirtualBox 12/01/2006
[    0.000000] Hypervisor detected: KVM
[    0.000000] e820: last_pfn = 0xfff0 max_arch_pfn = 0x400000000
[    0.000000] MTRR: Disabled
[    0.000000] x86/PAT: MTRRs disabled, skipping PAT initialization too.
[    0.000000] CPU MTRRs all blank - virtualized system.
[    0.000000] x86/PAT: Configuration [0-7]: WB  WT  UC- UC  WB  WT  UC- UC  
[    0.000000] found SMP MP-table at [mem 0x0009fff0-0x0009ffff]
[    0.000000] Scanning 1 areas for low memory corruption
[    0.000000] RAMDISK: [mem 0x0db01000-0x0ee12fff]
[    0.000000] ACPI: Early table checksum verification disabled
[    0.000000] ACPI: RSDP 0x00000000000E0000 000024 (v02 VBOX  )
[    0.000000] ACPI: XSDT 0x000000000FFF0030 00003C (v01 VBOX   VBOXXSDT 00000001 ASL  00000061)
[    0.000000] ACPI: FACP 0x000000000FFF00F0 0000F4 (v04 VBOX   VBOXFACP 00000001 ASL  00000061)
[    0.000000] ACPI: DSDT 0x000000000FFF0610 002353 (v02 VBOX   VBOXBIOS 00000002 INTL 20100528)
[    0.000000] ACPI: FACS 0x000000000FFF0200 000040
[    0.000000] ACPI: FACS 0x000000000FFF0200 000040
[    0.000000] ACPI: APIC 0x000000000FFF0240 000054 (v02 VBOX   VBOXAPIC 00000001 ASL  00000061)
[    0.000000] ACPI: SSDT 0x000000000FFF02A0 00036C (v01 VBOX   VBOXCPUT 00000002 INTL 20100528)
[    0.000000] ACPI: Reserving FACP table memory at [mem 0xfff00f0-0xfff01e3]
[    0.000000] ACPI: Reserving DSDT table memory at [mem 0xfff0610-0xfff2962]
[    0.000000] ACPI: Reserving FACS table memory at [mem 0xfff0200-0xfff023f]
[    0.000000] ACPI: Reserving FACS table memory at [mem 0xfff0200-0xfff023f]
[    0.000000] ACPI: Reserving APIC table memory at [mem 0xfff0240-0xfff0293]
[    0.000000] ACPI: Reserving SSDT table memory at [mem 0xfff02a0-0xfff060b]
[    0.000000] No NUMA configuration found
[    0.000000] Faking a node at [mem 0x0000000000000000-0x000000000ffeffff]
[    0.000000] NODE_DATA(0) allocated [mem 0x0ffc5000-0x0ffeffff]
[    0.000000] kvm-clock: cpu 0, msr 0:ff44001, primary cpu clock
[    0.000000] kvm-clock: Using msrs 4b564d01 and 4b564d00
[    0.000000] kvm-clock: using sched offset of 4198277992 cycles
[    0.000000] clocksource: kvm-clock: mask: 0xffffffffffffffff max_cycles: 0x1cd42e4dffb, max_idle_ns: 881590591483 ns
[    0.000000] Zone ranges:
[    0.000000]   DMA      [mem 0x0000000000001000-0x0000000000ffffff]
[    0.000000]   DMA32    [mem 0x0000000001000000-0x000000000ffeffff]
[    0.000000]   Normal   empty
[    0.000000]   Device   empty
[    0.000000] Movable zone start for each node
[    0.000000] Early memory node ranges
[    0.000000]   node   0: [mem 0x0000000000001000-0x000000000009efff]
[    0.000000]   node   0: [mem 0x0000000000100000-0x000000000ffeffff]
[    0.000000] Reserved but unavailable: 104 pages
[    0.000000] Initmem setup node 0 [mem 0x0000000000001000-0x000000000ffeffff]
[    0.000000] ACPI: PM-Timer IO Port: 0x4008
[    0.000000] IOAPIC[0]: apic_id 1, version 32, address 0xfec00000, GSI 0-23
[    0.000000] ACPI: INT_SRC_OVR (bus 0 bus_irq 0 global_irq 2 dfl dfl)
[    0.000000] ACPI: INT_SRC_OVR (bus 0 bus_irq 9 global_irq 9 low level)
[    0.000000] Using ACPI (MADT) for SMP configuration information
[    0.000000] smpboot: Allowing 1 CPUs, 0 hotplug CPUs
[    0.000000] PM: Registered nosave memory: [mem 0x00000000-0x00000fff]
[    0.000000] PM: Registered nosave memory: [mem 0x0009f000-0x0009ffff]
[    0.000000] PM: Registered nosave memory: [mem 0x000a0000-0x000effff]
[    0.000000] PM: Registered nosave memory: [mem 0x000f0000-0x000fffff]
[    0.000000] e820: [mem 0x10000000-0xfebfffff] available for PCI devices
[    0.000000] Booting paravirtualized kernel on KVM
[    0.000000] clocksource: refined-jiffies: mask: 0xffffffff max_cycles: 0xffffffff, max_idle_ns: 7645519600211568 ns
[    0.000000] setup_percpu: NR_CPUS:8192 nr_cpumask_bits:1 nr_cpu_ids:1 nr_node_ids:1
[    0.000000] percpu: Embedded 50 pages/cpu s167936 r8192 d28672 u2097152
[    0.000000] PV qspinlock hash table entries: 256 (order: 0, 4096 bytes)
[    0.000000] Built 1 zonelists, mobility grouping on.  Total pages: 64377
[    0.000000] Policy zone: DMA32
[    0.000000] Kernel command line: BOOT_IMAGE=/boot/vmlinuz-4.15.0-212-generic root=LABEL=cloudimg-rootfs ro console=tty1 console=ttyS0
[    0.000000] Memory: 208700K/261688K available (12300K kernel code, 2477K rwdata, 4324K rodata, 2480K init, 2720K bss, 52988K reserved, 0K cma-reserved)
[    0.000000] SLUB: HWalign=64, Order=0-3, MinObjects=0, CPUs=1, Nodes=1
[    0.000000] Kernel/User page tables isolation: enabled
[    0.000000] ftrace: allocating 39508 entries in 155 pages
[    0.004000] Hierarchical RCU implementation.
[    0.004000] 	RCU restricting CPUs from NR_CPUS=8192 to nr_cpu_ids=1.
[    0.004000] 	Tasks RCU enabled.
[    0.004000] RCU: Adjusting geometry for rcu_fanout_leaf=16, nr_cpu_ids=1
[    0.004000] NR_IRQS: 524544, nr_irqs: 256, preallocated irqs: 16
[    0.004000] Console: colour VGA+ 80x25
[    0.004000] console [tty1] enabled
[    0.004000] console [ttyS0] enabled
[    0.004000] ACPI: Core revision 20170831
[    0.004000] ACPI: 2 ACPI AML tables successfully acquired and loaded
[    0.004000] APIC: Switch to symmetric I/O mode setup
[    0.008000] ..TIMER: vector=0x30 apic1=0 pin1=2 apic2=-1 pin2=-1
[    0.008006] tsc: Detected 3092.928 MHz processor
[    0.012013] Calibrating delay loop (skipped) preset value.. 6185.85 BogoMIPS (lpj=12371712)
[    0.016004] pid_max: default: 32768 minimum: 301
[    0.020068] Security Framework initialized
[    0.024004] Yama: becoming mindful.
[    0.028037] AppArmor: AppArmor initialized
[    0.032083] Dentry cache hash table entries: 32768 (order: 6, 262144 bytes)
[    0.036030] Inode-cache hash table entries: 16384 (order: 5, 131072 bytes)
[    0.040024] Mount-cache hash table entries: 512 (order: 0, 4096 bytes)
[    0.044006] Mountpoint-cache hash table entries: 512 (order: 0, 4096 bytes)
[    0.050501] Last level iTLB entries: 4KB 512, 2MB 8, 4MB 8
[    0.052004] Last level dTLB entries: 4KB 512, 2MB 32, 4MB 32, 1GB 0
[    0.056005] Spectre V1 : Mitigation: usercopy/swapgs barriers and __user pointer sanitization
[    0.060005] Spectre V2 : Mitigation: Retpolines
[    0.064003] Spectre V2 : Spectre v2 / SpectreRSB mitigation: Filling RSB on context switch
[    0.068003] Spectre V2 : Spectre v2 / SpectreRSB : Filling RSB on VMEXIT
[    0.072003] Speculative Store Bypass: Vulnerable
[    0.076059] MDS: Mitigation: Clear CPU buffers
[    0.080003] MMIO Stale Data: Unknown: No mitigations
[    0.093900] Freeing SMP alternatives memory: 36K
[    0.213445] APIC calibration not consistent with PM-Timer: 103ms instead of 100ms
[    0.216000] APIC delta adjusted to PM-Timer: 6340181 (6593503)
[    0.216570] smpboot: CPU0: Intel(R) Core(TM) i5-2400 CPU @ 3.10GHz (family: 0x6, model: 0x2a, stepping: 0x7)
[    0.220113] Performance Events: unsupported p6 CPU model 42 no PMU driver, software events only.
[    0.224056] Hierarchical SRCU implementation.
[    0.228558] NMI watchdog: Perf event create on CPU 0 failed with -2
[    0.232004] NMI watchdog: Perf NMI watchdog permanently disabled
[    0.236065] smp: Bringing up secondary CPUs ...
[    0.240103] smp: Brought up 1 node, 1 CPU
[    0.244003] smpboot: Max logical packages: 1
[    0.248004] smpboot: Total of 1 processors activated (6185.85 BogoMIPS)
[    0.252140] devtmpfs: initialized
[    0.256071] x86/mm: Memory block size: 128MB
[    0.260143] evm: security.selinux
[    0.264007] evm: security.SMACK64
[    0.268003] evm: security.SMACK64EXEC
[    0.272008] evm: security.SMACK64TRANSMUTE
[    0.276007] evm: security.SMACK64MMAP
[    0.280009] evm: security.apparmor
[    0.284009] evm: security.ima
[    0.288010] evm: security.capability
[    0.292230] clocksource: jiffies: mask: 0xffffffff max_cycles: 0xffffffff, max_idle_ns: 7645041785100000 ns
[    0.296033] futex hash table entries: 256 (order: 2, 16384 bytes)
[    0.300083] pinctrl core: initialized pinctrl subsystem
[    0.304570] RTC time:  0:03:44, date: 08/10/24
[    0.308241] NET: Registered protocol family 16
[    0.312098] audit: initializing netlink subsys (disabled)
[    0.316226] cpuidle: using governor ladder
[    0.320009] audit: type=2000 audit(1723248228.869:1): state=initialized audit_enabled=0 res=1
[    0.324021] cpuidle: using governor menu
[    0.328143] ACPI: bus type PCI registered
[    0.332006] acpiphp: ACPI Hot Plug PCI Controller Driver version: 0.5
[    0.336433] PCI: Using configuration type 1 for base access
[    0.341418] HugeTLB registered 2.00 MiB page size, pre-allocated 0 pages
[    0.344285] ACPI: Added _OSI(Module Device)
[    0.348016] ACPI: Added _OSI(Processor Device)
[    0.352004] ACPI: Added _OSI(3.0 _SCP Extensions)
[    0.356004] ACPI: Added _OSI(Processor Aggregator Device)
[    0.360019] ACPI: Added _OSI(Linux-Dell-Video)
[    0.364021] ACPI: Added _OSI(Linux-Lenovo-NV-HDMI-Audio)
[    0.368005] ACPI: Added _OSI(Linux-HPI-Hybrid-Graphics)
[    0.373177] ACPI: Executed 1 blocks of module-level executable AML code
[    0.384551] ACPI: Interpreter enabled
[    0.388019] ACPI: (supports S0 S5)
[    0.392004] ACPI: Using IOAPIC for interrupt routing
[    0.400473] PCI: Using host bridge windows from ACPI; if necessary, use "pci=nocrs" and report a bug
[    0.404398] ACPI: Enabled 2 GPEs in block 00 to 07
[    0.423928] ACPI: PCI Root Bridge [PCI0] (domain 0000 [bus 00-ff])
[    0.428019] acpi PNP0A03:00: _OSC: OS supports [ASPM ClockPM Segments MSI]
[    0.433093] acpi PNP0A03:00: _OSC: not requesting OS control; OS requires [ExtendedConfig ASPM ClockPM MSI]
[    0.436021] acpi PNP0A03:00: fail to add MMCONFIG information, can't access extended PCI configuration space under this bridge.
[    0.444585] PCI host bridge to bus 0000:00
[    0.448006] pci_bus 0000:00: root bus resource [io  0x0000-0x0cf7 window]
[    0.452006] pci_bus 0000:00: root bus resource [io  0x0d00-0xffff window]
[    0.456005] pci_bus 0000:00: root bus resource [mem 0x000a0000-0x000bffff window]
[    0.460005] pci_bus 0000:00: root bus resource [mem 0x10000000-0xfdffffff window]
[    0.464006] pci_bus 0000:00: root bus resource [bus 00-ff]
[    0.477574] pci 0000:00:01.1: legacy IDE quirk: reg 0x10: [io  0x01f0-0x01f7]
[    0.480006] pci 0000:00:01.1: legacy IDE quirk: reg 0x14: [io  0x03f6]
[    0.484005] pci 0000:00:01.1: legacy IDE quirk: reg 0x18: [io  0x0170-0x0177]
[    0.492008] pci 0000:00:01.1: legacy IDE quirk: reg 0x1c: [io  0x0376]
[    0.525660] pci 0000:00:07.0: quirk: [io  0x4000-0x403f] claimed by PIIX4 ACPI
[    0.528057] pci 0000:00:07.0: quirk: [io  0x4100-0x410f] claimed by PIIX4 SMB
[    0.551005] ACPI: PCI Interrupt Link [LNKA] (IRQs 5 9 10 *11)
[    0.552776] ACPI: PCI Interrupt Link [LNKB] (IRQs 5 9 *10 11)
[    0.556344] ACPI: PCI Interrupt Link [LNKC] (IRQs 5 *9 10 11)
[    0.560325] ACPI: PCI Interrupt Link [LNKD] (IRQs 5 9 10 *11)
[    0.564585] SCSI subsystem initialized
[    0.568154] pci 0000:00:02.0: vgaarb: setting as boot VGA device
[    0.572000] pci 0000:00:02.0: vgaarb: VGA device added: decodes=io+mem,owns=io+mem,locks=none
[    0.572007] pci 0000:00:02.0: vgaarb: bridge control possible
[    0.576004] vgaarb: loaded
[    0.580052] ACPI: bus type USB registered
[    0.584024] usbcore: registered new interface driver usbfs
[    0.588036] usbcore: registered new interface driver hub
[    0.596050] usbcore: registered new device driver usb
[    0.600096] EDAC MC: Ver: 3.0.0
[    0.605093] PCI: Using ACPI for IRQ routing
[    0.609094] NetLabel: Initializing
[    0.612003] NetLabel:  domain hash size = 128
[    0.616003] NetLabel:  protocols = UNLABELED CIPSOv4 CALIPSO
[    0.620034] NetLabel:  unlabeled traffic allowed by default
[    0.624187] clocksource: Switched to clocksource kvm-clock
[    0.668124] VFS: Disk quotas dquot_6.6.0
[    0.677825] VFS: Dquot-cache hash table entries: 512 (order 0, 4096 bytes)
[    0.686931] AppArmor: AppArmor Filesystem Enabled
[    0.692950] pnp: PnP ACPI init
[    0.699425] pnp: PnP ACPI: found 3 devices
[    0.712682] clocksource: acpi_pm: mask: 0xffffff max_cycles: 0xffffff, max_idle_ns: 2085701024 ns
[    0.723688] NET: Registered protocol family 2
[    0.729727] IP idents hash table entries: 4096 (order: 3, 32768 bytes)
[    0.738481] TCP established hash table entries: 2048 (order: 2, 16384 bytes)
[    0.746997] TCP bind hash table entries: 2048 (order: 3, 32768 bytes)
[    0.755361] TCP: Hash tables configured (established 2048 bind 2048)
[    0.764224] UDP hash table entries: 256 (order: 1, 8192 bytes)
[    0.771683] UDP-Lite hash table entries: 256 (order: 1, 8192 bytes)
[    0.779760] NET: Registered protocol family 1
[    0.785397] pci 0000:00:00.0: Limiting direct PCI/PCI transfers
[    0.792964] pci 0000:00:01.0: Activating ISA DMA hang workarounds
[    0.800805] pci 0000:00:02.0: Video device with shadowed ROM at [mem 0x000c0000-0x000dffff]
[    0.811267] Unpacking initramfs...
[    1.459020] Freeing initrd memory: 19528K
[    1.464501] clocksource: tsc: mask: 0xffffffffffffffff max_cycles: 0x2c952f17020, max_idle_ns: 440795333737 ns
[    1.476644] platform rtc_cmos: registered platform RTC device (no PNP device found)
[    1.486565] Scanning for low memory corruption every 60 seconds
[    1.495222] Initialise system trusted keyrings
[    1.501370] Key type blacklist registered
[    1.506805] workingset: timestamp_bits=36 max_order=16 bucket_order=0
[    1.518197] zbud: loaded
[    1.523330] squashfs: version 4.0 (2009/01/31) Phillip Lougher
[    1.530829] fuse init (API version 7.26)
[    1.539413] Key type asymmetric registered
[    1.544838] Asymmetric key parser 'x509' registered
[    1.551797] Block layer SCSI generic (bsg) driver version 0.4 loaded (major 246)
[    1.561163] io scheduler noop registered
[    1.566570] io scheduler deadline registered
[    1.572092] io scheduler cfq registered (default)
[    1.578700] ACPI: AC Adapter [AC] (on-line)
[    1.584441] input: Power Button as /devices/LNXSYSTM:00/LNXPWRBN:00/input/input0
[    1.593818] ACPI: Power Button [PWRF]
[    1.598785] input: Sleep Button as /devices/LNXSYSTM:00/LNXSLPBN:00/input/input1
[    1.608329] ACPI: Sleep Button [SLPF]
[    1.613815] Serial: 8250/16550 driver, 32 ports, IRQ sharing enabled
[    1.659404] 00:02: ttyS0 at I/O 0x3f8 (irq = 4, base_baud = 115200) is a 16550A
[    1.672669] Linux agpgart interface v0.103
[    1.684871] loop: module loaded
[    1.690935] scsi host0: ata_piix
[    1.695538] scsi host1: ata_piix
[    1.699818] ata1: PATA max UDMA/33 cmd 0x1f0 ctl 0x3f6 bmdma 0xd000 irq 14
[    1.708190] ata2: PATA max UDMA/33 cmd 0x170 ctl 0x376 bmdma 0xd008 irq 15
[    1.717992] tun: Universal TUN/TAP device driver, 1.6
[    1.726382] PPP generic driver version 2.4.2
[    1.732566] ehci_hcd: USB 2.0 'Enhanced' Host Controller (EHCI) Driver
[    1.740829] ehci-pci: EHCI PCI platform driver
[    1.746650] ehci-platform: EHCI generic platform driver
[    1.753071] ohci_hcd: USB 1.1 'Open' Host Controller (OHCI) Driver
[    1.760623] ohci-pci: OHCI PCI platform driver
[    1.766828] ohci-platform: OHCI generic platform driver
[    1.773525] uhci_hcd: USB Universal Host Controller Interface driver
[    1.781695] i8042: PNP: PS/2 Controller [PNP0303:PS2K,PNP0f03:PS2M] at 0x60,0x64 irq 1,12
[    1.796869] serio: i8042 KBD port at 0x60,0x64 irq 1
[    1.803213] serio: i8042 AUX port at 0x60,0x64 irq 12
[    1.810256] mousedev: PS/2 mouse device common for all mice
[    1.819494] input: AT Translated Set 2 keyboard as /devices/platform/i8042/serio0/input/input2
[    1.832059] rtc_cmos rtc_cmos: rtc core: registered rtc_cmos as rtc0
[    1.841858] rtc_cmos rtc_cmos: alarms up to one day, 114 bytes nvram
[    1.850362] i2c /dev entries driver
[    1.855095] device-mapper: uevent: version 1.0.3
[    1.860956] device-mapper: ioctl: 4.37.0-ioctl (2017-09-20) initialised: dm-devel@redhat.com
[    1.871514] ledtrig-cpu: registered to indicate activity on CPUs
[    1.950064] NET: Registered protocol family 10
[    1.963196] Segment Routing with IPv6
[    1.967945] NET: Registered protocol family 17
[    1.973802] Key type dns_resolver registered
[    1.979837] mce: Using 0 MCE banks
[    1.984501] RAS: Correctable Errors collector initialized.
[    1.991157] sched_clock: Marking stable (1991082278, 0)->(3191710755, -1200628477)
[    2.001437] registered taskstats version 1
[    2.006778] Loading compiled-in X.509 certificates
[    2.018602] Loaded X.509 cert 'Build time autogenerated kernel key: b5b26778eaa3ab3a4a6cee031137706e947d12ad'
[    2.031689] Loaded X.509 cert 'Canonical Ltd. Live Patch Signing: 14df34d1a87cf37625abec039ef2bf521249b969'
[    2.044768] Loaded X.509 cert 'Canonical Ltd. Kernel Module Signing: 88f752e560a1e0737e31163a466ad7b70a850c19'
[    2.056825] blacklist: Loading compiled-in revocation X.509 certificates
[    2.065281] Loaded X.509 cert 'Canonical Ltd. Secure Boot Signing: 61482aa2830d0ab2ad5af10b7250da9033ddcef0'
[    2.076985] Loaded X.509 cert 'Canonical Ltd. Secure Boot Signing (2017): 242ade75ac4a15e50d50c84b0d45ff3eae707a03'
[    2.090003] Loaded X.509 cert 'Canonical Ltd. Secure Boot Signing (ESM 2018): 365188c1d374d6b07c3c8f240f8ef722433d6a8b'
[    2.103251] Loaded X.509 cert 'Canonical Ltd. Secure Boot Signing (2019): c0746fd6c5da3ae827864651ad66ae47fe24b3e8'
[    2.117080] Loaded X.509 cert 'Canonical Ltd. Secure Boot Signing (2021 v1): a8d54bbb3825cfb94fa13c9f8a594a195c107b8d'
[    2.130060] Loaded X.509 cert 'Canonical Ltd. Secure Boot Signing (2021 v2): 4cf046892d6fd3c9a5b03f98d845f90851dc6a8c'
[    2.142748] Loaded X.509 cert 'Canonical Ltd. Secure Boot Signing (2021 v3): 100437bb6de6e469b581e61cd66bce3ef4ed53af'
[    2.156273] Loaded X.509 cert 'Canonical Ltd. Secure Boot Signing (Ubuntu Core 2019): c1d57b8f6b743f23ee41f4f7ee292f06eecadfb9'
[    2.170302] zswap: loaded using pool lzo/zbud
[    2.182811] Key type big_key registered
[    2.187973] Key type trusted registered
[    2.196495] Key type encrypted registered
[    2.201809] AppArmor: AppArmor sha1 policy hashing enabled
[    2.208680] ima: No TPM chip found, activating TPM-bypass! (rc=-19)
[    2.216788] ima: Allocated hash algorithm: sha1
[    2.222803] evm: HMAC attrs: 0x1
[    2.228555]   Magic number: 4:273:51
[    2.234105] rtc_cmos rtc_cmos: setting system clock to 2024-08-10 00:03:46 UTC (1723248226)
[    2.244568] BIOS EDD facility v0.16 2004-Jun-25, 0 devices found
[    2.252932] EDD information not available.
[    2.262322] Freeing unused kernel image memory: 2480K
[    2.276342] Write protecting the kernel read-only data: 20480k
[    2.284243] Freeing unused kernel image memory: 2008K
[    2.291084] Freeing unused kernel image memory: 1820K
[    2.305173] x86/mm: Checked W+X mappings: passed, no W+X pages found.
[    2.313188] x86/mm: Checking user space page tables
[    2.327171] x86/mm: Checked W+X mappings: passed, no W+X pages found.
Loading, please wait...
starting version 237
[    2.529207] e1000: Intel(R) PRO/1000 Network Driver - version 7.3.21-k8-NAPI
[    2.538264] e1000: Copyright (c) 1999-2006 Intel Corporation.
[    2.552372] Fusion MPT base driver 3.04.20
[    2.557846] Copyright (c) 1999-2008 LSI Corporation
[    2.622741] SSE version of gcm_enc/dec engaged.
[    2.669176] Fusion MPT SPI Host driver 3.04.20
[    2.855276] input: ImExPS/2 Generic Explorer Mouse as /devices/platform/i8042/serio1/input/input4
[    3.538660] e1000 0000:00:03.0 eth0: (PCI:33MHz:32-bit) 02:3b:7b:b7:3b:2d
[    3.548028] e1000 0000:00:03.0 eth0: Intel(R) PRO/1000 Network Connection
[    3.558703] mptbase: ioc0: Initiating bringup
[    3.679226] ioc0: LSI53C1030 A0: Capabilities={Initiator}
[    3.946491] scsi host2: ioc0: LSI53C1030 A0, FwRev=00000000h, Ports=1, MaxQ=256, IRQ=20
[    4.126299] scsi 2:0:0:0: Direct-Access     VBOX     HARDDISK         1.0  PQ: 0 ANSI: 5
[    4.140526] scsi target2:0:0: Beginning Domain Validation
[    4.157034] scsi target2:0:0: Domain Validation skipping write tests
[    4.165747] scsi target2:0:0: Ending Domain Validation
[    4.183120] scsi target2:0:0: asynchronous
[    4.220616] scsi 2:0:1:0: Direct-Access     VBOX     HARDDISK         1.0  PQ: 0 ANSI: 5
[    4.240445] scsi target2:0:1: Beginning Domain Validation
[    4.363535] scsi target2:0:1: Domain Validation skipping write tests
[    4.371611] scsi target2:0:1: Ending Domain Validation
[    4.400769] scsi target2:0:1: asynchronous
[    4.507178] sd 2:0:0:0: [sda] 83886080 512-byte logical blocks: (42.9 GB/40.0 GiB)
[    4.516920] sd 2:0:0:0: Attached scsi generic sg0 type 0
[    4.525760] sd 2:0:1:0: [sdb] 20480 512-byte logical blocks: (10.5 MB/10.0 MiB)
[    4.535167] sd 2:0:1:0: Attached scsi generic sg1 type 0
[    4.542304] sd 2:0:0:0: [sda] Write Protect is off
[    4.559645] sd 2:0:1:0: [sdb] Write Protect is off
[    4.566658] sd 2:0:0:0: [sda] Incomplete mode parameter data
[    4.574088] sd 2:0:0:0: [sda] Assuming drive cache: write through
[    4.593393] sd 2:0:1:0: [sdb] Incomplete mode parameter data
[    4.600530] sd 2:0:1:0: [sdb] Assuming drive cache: write through
[    4.631866]  sda: sda1
[    4.641665] sd 2:0:0:0: [sda] Attached SCSI disk
[    4.651231] sd 2:0:1:0: [sdb] Attached SCSI disk
[    5.183180] e1000 0000:00:08.0 eth1: (PCI:33MHz:32-bit) 08:00:27:c8:eb:01
[    5.191896] e1000 0000:00:08.0 eth1: Intel(R) PRO/1000 Network Connection
[    5.202793] e1000 0000:00:08.0 enp0s8: renamed from eth1
[    5.225780] e1000 0000:00:03.0 enp0s3: renamed from eth0
Begin: Loading essential drivers ... [    7.628378] raid6: sse2x1   gen() 10349 MB/s
[    7.680313] raid6: sse2x1   xor()  5775 MB/s
[    7.733259] raid6: sse2x2   gen()  9464 MB/s
[    7.788170] raid6: sse2x2   xor()  6746 MB/s
[    7.840245] raid6: sse2x4   gen() 11726 MB/s
[    7.896210] raid6: sse2x4   xor()  7372 MB/s
[    7.901997] raid6: using algorithm sse2x4 gen() 11726 MB/s
[    7.909091] raid6: .... xor() 7372 MB/s, rmw enabled
[    7.915678] raid6: using ssse3x2 recovery algorithm
[    7.924323] xor: measuring software checksum speed
[    8.033975]    prefetch64-sse: 42047.000 MB/sec
[    8.140642]    generic_sse: 39420.000 MB/sec
[    8.146213] xor: using function: prefetch64-sse (42047.000 MB/sec)
[    8.156124] async_tx: api initialized (async)
done.
Begin: Running /scripts/init-premount ... done.
Begin: Mounting root file system ... Begin: Running /scripts/local-top ... done.
Begin: Running /scripts/local-premount ... [    8.256447] Btrfs loaded, crc32c=crc32c-intel
Scanning for Btrfs filesystems
done.
Warning: fsck not present, so skipping root file system
[    8.338175] EXT4-fs (sda1): mounted filesystem with ordered data mode. Opts: (null)
done.
Begin: Running /scripts/local-bottom ... done.
Begin: Running /scripts/init-bottom ... done.
[    8.675171] ip_tables: (C) 2000-2006 Netfilter Core Team
[    8.706616] systemd[1]: systemd 237 running in system mode. (+PAM +AUDIT +SELINUX +IMA +APPARMOR +SMACK +SYSVINIT +UTMP +LIBCRYPTSETUP +GCRYPT +GNUTLS +ACL +XZ +LZ4 +SECCOMP +BLKID +ELFUTILS +KMOD -IDN2 +IDN -PCRE2 default-hierarchy=hybrid)
[    8.732015] systemd[1]: Detected virtualization oracle.
[    8.738698] systemd[1]: Detected architecture x86-64.

Welcome to [1mUbuntu 18.04.6 LTS[0m!

[    8.754389] systemd[1]: Set hostname to <ubuntu>.
[    8.770714] random: systemd: uninitialized urandom read (16 bytes read)
[    8.779676] systemd[1]: Initializing machine ID from random generator.
[    8.787961] systemd[1]: Installed transient /etc/machine-id file.
[    9.257501] random: systemd: uninitialized urandom read (16 bytes read)
[    9.266291] systemd[1]: Set up automount Arbitrary Executable File Formats File System Automount Point.
[[0;32m  OK  [0m] Set up automount Arbitrary Executab…rmats File System Automount Point.
[    9.284932] random: systemd: uninitialized urandom read (16 bytes read)
[    9.293025] systemd[1]: Reached target Mounting snaps.
[[0;32m  OK  [0m] Reached target Mounting snaps.
[    9.305679] systemd[1]: Started Forward Password Requests to Wall Directory Watch.
[[0;32m  OK  [0m] Started Forward Password Requests to Wall Directory Watch.
[    9.321538] systemd[1]: Reached target User and Group Name Lookups.
[[0;32m  OK  [0m] Reached target User and Group Name Lookups.
[[0;32m  OK  [0m] Reached target System Time Synchronized.
[[0;32m  OK  [0m] Reached target Swap.
[[0;32m  OK  [0m] Created slice User and Session Slice.
[[0;32m  OK  [0m] Reached target Mounted snaps.
[[0;32m  OK  [0m] Created slice System Slice.
[[0;32m  OK  [0m] Listening on Device-mapper event daemon FIFOs.
[[0;32m  OK  [0m] Listening on Journal Socket (/dev/log).
[[0;32m  OK  [0m] Listening on Syslog Socket.
[[0;32m  OK  [0m] Created slice system-serial\x2dgetty.slice.
[[0;32m  OK  [0m] Listening on /dev/initctl Compatibility Named Pipe.
[[0;32m  OK  [0m] Listening on Network Service Netlink Socket.
[[0;32m  OK  [0m] Listening on fsck to fsckd communication Socket.
[[0;32m  OK  [0m] Listening on LVM2 metadata daemon socket.
[[0;32m  OK  [0m] Reached target Slices.
[[0;32m  OK  [0m] Listening on Journal Socket.
         Starting Monitoring of LVM2 mirrors…ng dmeventd or progress polling...
         Mounting Kernel Debug File System...
         Starting Create list of required st…ce nodes for the current kernel...
[[0;32m  OK  [0m] Listening on udev Kernel Socket.
         Mounting Huge Pages File System...
[[0;32m  OK  [0m] Listening on Journal Audit Socket.
         Starting Journal Service...
[[0;32m  OK  [0m] Listening on udev Control Socket.
         Starting udev Coldplug all Devices...
         Mounting POSIX Message Queue File System...
         Starting Load Kernel Modules...
         Starting File System Check on Root Device...
[[0;32m  OK  [0m] Listening on LVM2 poll daemon socket.
         Starting Uncomplicated firewall...
         Starting Set the console keyboard layout...
[[0;32m  OK  [0m] Mounted Kernel Debug File System.
[[0;32m  OK  [0m] Started Create list of required sta…vice nodes for the current kernel.
[[0;32m  OK  [0m] Mounted Huge Pages File System.
[[    9.674954] Loading iSCSI transport class v2.0-870.
[0;32m  OK  [0m] Started Journal Service.
[[0;32m  OK  [0m] Mounted POSIX Message Queue File System.
[[0;32m  OK  [0m] Started Uncomplicated firewall.
[[0;32m  OK  [0m] Started File System Check Daemon to report status.
[[0;32m  OK  [0m] Started LVM2 metadata daemon.
         Starting Create Static Device Nodes in /dev...
[[0;32m  OK  [0m] Started File System Check on Root Device.
[    9.774972] random: systemd: uninitialized urandom read (16 bytes read)
[    9.790802] iscsi: registered transport (tcp)
         Starting Remount Root and Kernel File Systems...
[    9.806527] random: systemd-journal: uninitialized urandom read (16 bytes read)
[    9.838368] random: systemd-journal: uninitialized urandom read (16 bytes read)
[[0;32m  OK  [0m] Started Create Static Device Nodes in /dev.
[[0;32m  OK  [0m] [    9.929225] EXT4-fs (sda1): re-mounted. Opts: (null)
Started Monitoring of LVM2 mirrors,…sing dmeventd or progress polling.
[[0;32m  OK  [0m] Started Remount Root and Kernel File Systems.[    9.980463] iscsi: registered transport (iser)

         Starting Load/Save Random Seed...
         Starting udev Kernel Device Manager...
         Starting Flush Journal to Persistent Storage...
[[0;32m  OK  [0m] Started Load Kernel Modules.
         Starting Apply Kernel Variables...
         Mounting FUSE Control File System...
         Mounting Kernel Configuration File System...
[[0;32m  OK  [0m] Mounted FUSE Control File System.
[[0;32m  OK  [0m] Started Load/Save Random Seed.
[[0;32m  OK  [0m] Mounted Kernel Configuration File System.
[   10.137756] systemd-journald[400]: Received request to flush runtime journal from PID 1
[[0;32m  OK  [0m] Started udev Coldplug all Devices.
[[0;32m  OK  [0m] Started udev Kernel Device Manager.
[[0;32m  OK  [0m] Started Apply Kernel Variables.
[[0;32m  OK  [0m] Started Flush Journal to Persistent Storage.
[[0;32m  OK  [0m] Found device /dev/ttyS0.
[[0;32m  OK  [0m] Started Set the console keyboard layout.
[[0;32m  OK  [0m] Started Dispatch Password Requests to Console Directory Watch.
[[0;32m  OK  [0m] Reached target Local Encrypted Volumes.
[[0;32m  OK  [0m] Reached target Local File Systems (Pre).
[[0;32m  OK  [0m] Reached target Local File Systems.
         Starting Tell Plymouth To Write Out Runtime Data...
         Starting Create Volatile Files and Directories...
         Starting Commit a transient machine-id on disk...
         Starting ebtables ruleset management...
         Starting AppArmor initialization...
         Starting Set console font and keymap...
[[0;32m  OK  [0m] Started Tell Plymouth To Write Out Runtime Data.
[[0;32m  OK  [0m] Listening on Load/Save RF Kill Switch Status /dev/rfkill Watch.
[[0;32m  OK  [0m] Started Commit a transient machine-id on disk.
[[0;32m  OK  [0m] Started Create Volatile Files and Directories.
         Starting Update UTMP about System Boot/Shutdown...
[[0;32m  OK  [0m] Started Update UTMP about System Boot/Shutdown.
[[0;32m  OK  [0m] Started ebtables ruleset management.
         Mounting Arbitrary Executable File Formats File System...
[[0;32m  OK  [0m] Mounted Arbitrary Executable File Formats File System.
[[0;32m  OK  [0m] Started AppArmor initialization.
         Starting Initial cloud-init job (pre-networking)...
         Starting Load AppArmor profiles managed internally by snapd...
[[0;32m  OK  [0m] Started Load AppArmor profiles managed internally by snapd.
[[0;32m  OK  [0m] Started Set console font and keymap.
[   18.193818] cloud-init[760]: Cloud-init v. 23.1.2-0ubuntu0~18.04.1 running 'init-local' at Sat, 10 Aug 2024 00:04:01 +0000. Up 17.70 seconds.
[[0;32m  OK  [0m] Started Initial cloud-init job (pre-networking).
[[0;32m  OK  [0m] Reached target Network (Pre).
         Starting Network Service...
[[0;32m  OK  [0m] Started Network Service.
         Starting Wait for Network to be Configured...
         Starting Network Name Resolution...
[[0;32m  OK  [0m] Started Network Name Resolution.
[[0;32m  OK  [0m] Reached target Network.
[[0;32m  OK  [0m] Reached target Host and Network Name Lookups.
[[0;32m  OK  [0m] Started Wait for Network to be Configured.
         Starting Initial cloud-init job (metadata service crawler)...
[   20.599024] cloud-init[896]: Cloud-init v. 23.1.2-0ubuntu0~18.04.1 running 'init' at Sat, 10 Aug 2024 00:04:04 +0000. Up 20.37 seconds.
[   20.619779] cloud-init[896]: ci-info: ++++++++++++++++++++++++++++++++++++++Net device info+++++++++++++++++++++++++++++++++++++++
[   20.643546] cloud-init[896]: ci-info: +--------+-------+----------------------------+---------------+--------+-------------------+
[   20.658409] cloud-init[896]: ci-info: | Device |   Up  |          Address           |      Mask     | Scope  |     Hw-Address    |
[   20.681961] cloud-init[896]: ci-info: +--------+-------+----------------------------+---------------+--------+-------------------+
[   20.701737] cloud-init[896]: ci-info: | enp0s3 |  True |         10.0.2.15          | 255.255.255.0 | global | 02:3b:7b:b7:3b:2d |
[   20.724638] cloud-init[896]: ci-info: | enp0s3 |  True | fe80::3b:7bff:feb7:3b2d/64 |       .       |  link  | 02:3b:7b:b7:3b:2d |
[   20.743724] cloud-init[896]: ci-info: | enp0s8 | False |             .              |       .       |   .    | 08:00:27:c8:eb:01 |
[   20.763244] cloud-init[896]: ci-info: |   lo   |  True |         127.0.0.1          |   255.0.0.0   |  host  |         .         |
[   20.775172] cloud-init[896]: ci-info: |   lo   |  True |          ::1/128           |       .       |  host  |         .         |
[   20.793065] cloud-init[896]: ci-info: +--------+-------+----------------------------+---------------+--------+-------------------+
[   20.811520] cloud-init[896]: ci-info: ++++++++++++++++++++++++++++Route IPv4 info+++++++++++++++++++++++++++++
[   20.824764] cloud-init[896]: ci-info: +-------+-------------+----------+-----------------+-----------+-------+
[   20.835111] cloud-init[896]: ci-info: | Route | Destination | Gateway  |     Genmask     | Interface | Flags |
[   20.845788] cloud-init[896]: ci-info: +-------+-------------+----------+-----------------+-----------+-------+
[   20.855607] cloud-init[896]: ci-info: |   0   |   0.0.0.0   | 10.0.2.2 |     0.0.0.0     |   enp0s3  |   UG  |
[   20.870231] cloud-init[896]: ci-info: |   1   |   10.0.2.0  | 0.0.0.0  |  255.255.255.0  |   enp0s3  |   U   |
[   20.888462] cloud-init[896]: ci-info: |   2   |   10.0.2.2  | 0.0.0.0  | 255.255.255.255 |   enp0s3  |   UH  |
[   20.903600] cloud-init[896]: ci-info: +-------+-------------+----------+-----------------+-----------+-------+
[   20.919385] cloud-init[896]: ci-info: +++++++++++++++++++Route IPv6 info+++++++++++++++++++
[   20.935453] cloud-init[896]: ci-info: +-------+-------------+---------+-----------+-------+
[   20.948429] cloud-init[896]: ci-info: | Route | Destination | Gateway | Interface | Flags |
[   20.963359] cloud-init[896]: ci-info: +-------+-------------+---------+-----------+-------+
[   20.976396] cloud-init[896]: ci-info: |   1   |  fe80::/64  |    ::   |   enp0s3  |   U   |
[   21.000846] cloud-init[896]: ci-info: |   3   |    local    |    ::   |   enp0s3  |   U   |
[   21.015631] cloud-init[896]: ci-info: |   4   |   ff00::/8  |    ::   |   enp0s3  |   U   |
[   21.031609] cloud-init[896]: ci-info: +-------+-------------+---------+-----------+-------+
[   22.195144] cloud-init[896]: Generating public/private rsa key pair.
[   22.213353] cloud-init[896]: Your identification has been saved in /etc/ssh/ssh_host_rsa_key.
[   22.231880] cloud-init[896]: Your public key has been saved in /etc/ssh/ssh_host_rsa_key.pub.
[   22.242328] cloud-init[896]: The key fingerprint is:
[   22.257132] cloud-init[896]: SHA256:v8ubz+NCvi+mh/3Y1gxffeLkzWUGHaWKBz+hYSKtv2w root@ubuntu-bionic
[   22.282654] cloud-init[896]: The key's randomart image is:
[   22.300803] cloud-init[896]: +---[RSA 2048]----+
[   22.315412] cloud-init[896]: |                o|
[   22.321668] cloud-init[896]: |       .       o |
[   22.338824] cloud-init[896]: |      . o + . ...|
[[0;32m  OK  [0m] [   22.349125] cloud-init[896]: |       o o * o. .|Started Initial cloud-init job (metadata service crawler).
[[0;32m  OK  [0m] 
[   22.361866] cloud-init[896]: Reached target System Initialization.
[[0;32m  OK  [0m|      . S o =  ..|
] Started Ubuntu Advantage Timer for running repeated jobs.
[   22.384569] cloud-init[896]: |       . .....o B|[[0;32m  OK  [0m] Started Discard unused blocks once a week.
[[0;32m  OK  [0m
[   22.402548] cloud-init] Started ACPI Events Check.
         Starting Socket activation for snappy daemon.[896]: |        .=.  O Bo|

[[0;32m  OK  [0m] Reached target Paths.[   22.431287] 
[[0;32m  OK  [0m] cloud-init[896]: |       .EoB*o * o|Started Message of the Day.
[[0;32m  OK  [0m] Listening on D-Bus System Message Bus Socket.
[   22.452593] cloud-init[896]: |       .++O%B.   |
[[0;32m  OK  [0m
[   22.461951] cloud-init[896]: ] Listening on UUID daemon activation socket.
[[0;32m  OK  [0m] Listening on Open-iSCSI iscsid Socket.+----[SHA256]-----+
[   22.476499] cloud-init[896]: Generating public/private dsa key pair.
[[0;32m  OK  [0m
[   22.486320] cloud-init] Started Daily Cleanup of Temporary Directories.
[896]: Your identification has been saved in /etc/ssh/ssh_host_dsa_key.[[0;32m  OK  [0m] Started Daily apt download activities.
[   22.505620] cloud-init[896]: 
[[0;32m  OK  [0mYour public key has been saved in /etc/ssh/ssh_host_dsa_key.pub.
] Started Daily apt upgrade and clean activities.
[   22.520924] cloud-init[896]: The key fingerprint is:[[0;32m  OK  [0m] Reached target Timers.
[
[   22.533585] cloud-init[896]: [0;32m  OK  [0m] Listening on ACPID Listen Socket.SHA256:MTGQu7vYpHzW3WJLfVkPhqoXYbdfyLxJqhnPzxtJkBk root@ubuntu-bionic

[   22.546170]          cloud-init[896]: The key's randomart image is:Starting LXD - unix socket.

[   22.557416] cloud-init[896]: [[0;32m  OK  [0m] Listening on cloud-init hotplug hook socket.
[[0;32m  OK  [0m] +---[DSA 1024]----+Reached target Network is Online.

[   22.583000]          Starting Availability of block devices...cloud-init
[[0;32m  OK  [0m[896]: ] Reached target Remote File Systems (Pre).|      .oo   E    |

[[0;32m  OK  [0m] Reached target Remote File Systems.
[[0;32m  OK  [0m[   22.626097] cloud-init] Reached target Cloud-config availability.[896]: |      .  o   +   |
[[0;32m  OK  [0m] 
Listening on Socket activation for snappy daemon.
[[   22.649719] cloud-init[896]: [0;32m  OK  [0m] Listening on LXD - unix socket.|       .o   +    |

[[   22.664737] cloud-init[896]: |      .  oo .o   |[0;32m  OK  [0m] Started Availability of block devices.
[   22.674881] cloud-init
[[0;32m  OK  [0m] Reached target Sockets.
[[896]: |       .S. o.++..|
[0;32m  OK  [0m] Reached target Basic System.
[[0;32m  OK  [0m[   22.705156] cloud-init[896]: |      .   .o.o==o|] Started Deferred execution scheduler.
[[0;32m  OK  [0m] Started D-Bus System Message Bus.
[   22.730413] cloud-init
[896]: |      .o .+o.+=+.|
[   22.755968] cloud-init[896]: |   . =+ .o==oo+. |
[   22.774798] cloud-init         Starting Permit User Sessions...
[[0;32m  OK  [0m] Started Regular background program processing daemon.[896]: |    +oo..o++o.+. |

         Starting System Logging Service...
[   22.822508] cloud-init         Starting Accounts Service...
[896]:          +----[SHA256]-----+Starting LSB: automatic crash report generation...

         Starting Virtualbox guest utils...
[   22.866660] cloud-init[896]: Generating public/private ecdsa key pair.
[   22.899306] cloud-init[896]: Your identification has been saved in /etc/ssh/ssh_host_ecdsa_key.
[   22.932508] cloud-init[896]:          Starting Snap Daemon...
         Starting Login Service...
[[0;32m  OK  [0m] Reached target Login Prompts (Pre).
Your public key has been saved in /etc/ssh/ssh_host_ecdsa_key.pub.
[   23.009777] cloud-init[896]: The key fingerprint is:
[   23.035816] cloud-init[896]: SHA256:c5idiriMMbrKTYrY5kD9ajuCfUB4sL5H+b5PvyLG4d0 root@ubuntu-bionic
[   23.063162] cloud-init[896]: The key's randomart image is:
[   23.086309] cloud-init[896]: +---[ECDSA 256]---+
         Starting Dispatcher daemon for systemd-networkd...
[[0;32m  OK  [0m] Started irqbalance daemon.
         Starting LXD - container startup/shutdown...
[[0;32m  OK  [0m] Started FUSE filesystem for LXC.
[   23.154807] cloud-init         Starting LSB: Record successful boot for GRUB...
[896]: |                 |
[   23.185517] cloud-init[896]: |.                |
[   23.220531] cloud-init[896]: | +               |
         Starting Pollinate to seed the pseudo random number generator...
[   23.269411] [[0;32m  OK  [0m] Started System Logging Service.cloud-init
[[0;32m  OK  [0m] Started Permit User Sessions.[896]: 
|o +      + .     |
[   23.360990] cloud-init[896]: |.+ ..   S +      |[[0;32m  OK  [0m] Started Login Service.
[[0;32m  OK  [0m] Started Unattended Upgrades Shutdown.
         Starting Authorization Manager...
         Starting Terminate Plymouth Boot Screen...

         Starting Hold until boot process finishes up...
[[0;32m  OK  [0m[   23.473681] cloud-init] Started Terminate Plymouth Boot Screen.
[[896]: [0;32m  OK  [0m] Started Hold until boot process finishes up.|...o.o . +       |
[[0;32m  OK  [0m] 
Started Serial Getty on ttyS0.
         Starting Set console scheme...
[   23.550771] cloud-init[896]: |o.=o=.+.o        |
[   23.588591] cloud-init[896]: |=**OoB.o.E       |
[   23.621029] cloud-init[896]: |B*B=Bo+..o.      |
[   23.637155] cloud-init[896]: +----[SHA256]-----+
[   23.654977] cloud-init[896]: [[0;32m  OK  [0mGenerating public/private ed25519 key pair.] Started Set console scheme.
[[0;32m  OK  [0m] Created slice system-getty.slice.
[[0;32m  OK  [0m] 
Started Getty on tty1.
[[0;32m  OK  [0m[   23.709502] ] Reached target Login Prompts.
cloud-init[[0;32m  OK  [0m] Started Authorization Manager.
[896]: [[0;32m  OK  [0mYour identification has been saved in /etc/ssh/ssh_host_ed25519_key.] Started Accounts Service.

[   23.760841] cloud-init[896]: Your public key has been saved in /etc/ssh/ssh_host_ed25519_key.pub.
[   23.795434] [[0;32m  OK  [0m] Started LSB: automatic crash report generation.cloud-init
[896]: The key fingerprint is:
[   23.827727] cloud-init[896]: SHA256:rbyXPqWh6Nhx5De525k1K8lExOGuWM/v+8XqSSmff5I root@ubuntu-bionic
[   23.951600] cloud-init[896]: The key's randomart image is:
[   23.985887] cloud-init[896]: +--[ED25519 256]--+
[[0;32m  OK  [0m] Started LSB: Record successful boot for GRUB.
[   24.031544] cloud-init[896]: |           ...   |
[   24.054257] cloud-init[896]: |           .o    |
[   24.085218] cloud-init[896]: |           ..    |
[   24.142818] cloud-init[896]: |         . ..    |
[   24.169721] cloud-init[896]: |        S o..    |
[   24.203651] cloud-init[896]: |       + +.=o  o |
[   24.240157] cloud-init[896]: |      ..*.=B+.=.o|
[   24.272476] cloud-init[896]: |     o.o.o=++OE*o|[[0;32m  OK  [0m] Started Virtualbox guest utils.

[   24.317865] cloud-init[896]: |    ..o .o+o++@=+|
[   24.354420] cloud-init[896]: +----[SHA256]-----+
[[0;32m  OK  [0m] Started LXD - container startup/shutdown.
[[0;32m  OK  [0m] Started Dispatcher daemon for systemd-networkd.
[[0;32m  OK  [0m] Started Snap Daemon.
         Starting Wait until snapd is fully seeded...
[[0;32m  OK  [0m] Started Pollinate to seed the pseudo random number generator.
         Starting OpenBSD Secure Shell server...
[[0;32m  OK  [0m] Started OpenBSD Secure Shell server.
[[0;32m  OK  [0m] Created slice User Slice of vagrant.
         Starting User Manager for UID 1000...
[[0;32m  OK  [0m] Started Session 1 of user vagrant.
[[0;32m  OK  [0m] Started User Manager for UID 1000.
         Starting Time & Date Service...
[[0;32m  OK  [0m] Started Time & Date Service.

Ubuntu 18.04.6 LTS ubuntu-bionic ttyS0

ubuntu-bionic login: [   34.140905] cloud-init[1353]: Cloud-init v. 23.1.2-0ubuntu0~18.04.1 running 'modules:config' at Sat, 10 Aug 2024 00:04:17 +0000. Up 32.95 seconds.
ci-info: no authorized SSH keys fingerprints found for user ubuntu.
<14>Aug 10 00:04:20 cloud-init: #############################################################
<14>Aug 10 00:04:20 cloud-init: -----BEGIN SSH HOST KEY FINGERPRINTS-----
<14>Aug 10 00:04:20 cloud-init: 1024 SHA256:MTGQu7vYpHzW3WJLfVkPhqoXYbdfyLxJqhnPzxtJkBk root@ubuntu-bionic (DSA)
<14>Aug 10 00:04:20 cloud-init: 256 SHA256:c5idiriMMbrKTYrY5kD9ajuCfUB4sL5H+b5PvyLG4d0 root@ubuntu-bionic (ECDSA)
<14>Aug 10 00:04:20 cloud-init: 256 SHA256:rbyXPqWh6Nhx5De525k1K8lExOGuWM/v+8XqSSmff5I root@ubuntu-bionic (ED25519)
<14>Aug 10 00:04:20 cloud-init: 2048 SHA256:v8ubz+NCvi+mh/3Y1gxffeLkzWUGHaWKBz+hYSKtv2w root@ubuntu-bionic (RSA)
<14>Aug 10 00:04:20 cloud-init: -----END SSH HOST KEY FINGERPRINTS-----
<14>Aug 10 00:04:20 cloud-init: #############################################################
-----BEGIN SSH HOST KEY KEYS-----
ecdsa-sha2-nistp256 AAAAE2VjZHNhLXNoYTItbmlzdHAyNTYAAAAIbmlzdHAyNTYAAABBBAUjUKZWP1fGJYXPq+Ik9WCF/d5MQIcFqiC01fQsuDbMcMlhP5IqJUDhDdlXI1CUHNPrA3Jx6xvegAor813PMM4= root@ubuntu-bionic
ssh-ed25519 AAAAC3NzaC1lZDI1NTE5AAAAIANlNJwjvsijuVvie9NTlOCMDkdNEBq4d+RPvbuS+I+8 root@ubuntu-bionic
ssh-rsa AAAAB3NzaC1yc2EAAAADAQABAAABAQDjl0ELT96hJm7BorTMTnSLdv7c/bpFlbuR5D1yvLQpYxyzb49KblEDeARibtW9z79pHeYySQhNlmcNhhzH5o5E251sQucHCAr+m57GZ7f8A1FYD21nUCuLToWO4/i51dzFPyWdIMHEmv3yb0+R9RLVNcwSjmts+y46rDp1TKWnmplEaOWQU8hqCL9N6PQNRHtGFuEQqoI5dzt15iX41j9H9bpU1eI0x7WwXxA+0zgv/p6TY5YoYicWxblFGtK8wke1eRF/a8uTFJFak5Sp16QbNdbeIR7bh4NXaM9NhW+kUbzJQHzrEhQdI9CDyBwDY188lq48AiRJpGhhX9cB7VED root@ubuntu-bionic
-----END SSH HOST KEY KEYS-----
[   36.588606] cloud-init[1527]: Cloud-init v. 23.1.2-0ubuntu0~18.04.1 running 'modules:final' at Sat, 10 Aug 2024 00:04:20 +0000. Up 35.95 seconds.
[   36.618385] cloud-init[1527]: Cloud-init v. 23.1.2-0ubuntu0~18.04.1 finished at Sat, 10 Aug 2024 00:04:20 +0000. Datasource DataSourceNoCloud [seed=/dev/sdb][dsmode=net].  Up 36.56 seconds
